<?xml version="1.0" encoding="UTF-8"?>
<testng-results ignored="0" total="1" passed="1" failed="0" skipped="0">
  <reporter-output>
  </reporter-output>
  <suite started-at="2024-04-22T15:40:07 IST" name="Default suite" finished-at="2024-04-22T15:40:22 IST" duration-ms="14537">
    <groups>
    </groups>
    <test started-at="2024-04-22T15:40:07 IST" name="Default test" finished-at="2024-04-22T15:40:22 IST" duration-ms="14537">
      <class name="AmazonTest.SearchTest">
        <test-method is-config="true" signature="AmazonHomepage()[pri:0, instance:AmazonTest.SearchTest@43df23d3]" started-at="2024-04-22T15:40:07 IST" name="AmazonHomepage" finished-at="2024-04-22T15:40:20 IST" duration-ms="13352" status="PASS">
          <reporter-output>
          </reporter-output>
        </test-method> <!-- AmazonHomepage -->
        <test-method signature="testsearch()[pri:0, instance:AmazonTest.SearchTest@43df23d3]" started-at="2024-04-22T15:40:20 IST" name="testsearch" finished-at="2024-04-22T15:40:21 IST" duration-ms="267" status="PASS">
          <reporter-output>
          </reporter-output>
        </test-method> <!-- testsearch -->
        <test-method is-config="true" signature="teardown()[pri:0, instance:AmazonTest.SearchTest@43df23d3]" started-at="2024-04-22T15:40:21 IST" name="teardown" finished-at="2024-04-22T15:40:22 IST" duration-ms="842" status="PASS">
          <reporter-output>
          </reporter-output>
        </test-method> <!-- teardown -->
      </class> <!-- AmazonTest.SearchTest -->
    </test> <!-- Default test -->
  </suite> <!-- Default suite -->
</testng-results>
